<?xml version="1.0" encoding="UTF-8"?>
<testng-results skipped="0" failed="0" ignored="0" total="1" passed="1">
  <reporter-output>
  </reporter-output>
  <suite name="Default suite" duration-ms="10473" started-at="2018-06-20T07:12:03Z" finished-at="2018-06-20T07:12:14Z">
    <groups>
    </groups>
    <test name="Default test" duration-ms="10473" started-at="2018-06-20T07:12:03Z" finished-at="2018-06-20T07:12:14Z">
      <class name="HomePage">
        <test-method status="PASS" signature="Test()[pri:0, instance:HomePage@7dc7cbad]" name="Test" duration-ms="10457" started-at="2018-06-20T07:12:03Z" finished-at="2018-06-20T07:12:14Z">
          <reporter-output>
          </reporter-output>
        </test-method> <!-- Test -->
      </class> <!-- HomePage -->
    </test> <!-- Default test -->
  </suite> <!-- Default suite -->
</testng-results>
